<?xml version="1.0" encoding="UTF-8"?>
<!-- Generated by org.testng.reporters.JUnitReportReporter -->
<testsuite hostname="INGUR1N1602" failures="0" tests="1" name="com.Automation.FrameworkSetup.CustomListener" time="7.978" errors="0" timestamp="2023-08-12T04:16:49 IST" skipped="0">
  <testcase classname="com.Automation.FrameworkSetup.CustomListener" name="test" time="7.978"/>
  <system-out/>
</testsuite> <!-- com.Automation.FrameworkSetup.CustomListener -->
