<?xml version="1.0" encoding="UTF-8"?>
<!-- Generated by org.testng.reporters.JUnitReportReporter -->
<testsuite hostname="DESKTOP-GOICAIC" failures="0" tests="1" name="com.Automation.FrameworkSetup.AutomationSetup" time="13.904" errors="0" timestamp="2023-08-12T23:01:53 IST" skipped="0">
  <testcase classname="com.Automation.FrameworkSetup.AutomationSetup" name="test" time="13.904"/>
  <system-out/>
</testsuite> <!-- com.Automation.FrameworkSetup.AutomationSetup -->
